The system is: Linux - 2.6.37.6 - x86_64
Compiling the C compiler identification source file "CMakeCCompilerId.c" succeeded.
Compiler: /usr/bin/cc 
Build flags: 
Id flags: 

The output was:
0


Compilation of the C compiler identification source "CMakeCCompilerId.c" produced "a.out"

The C compiler identification is GNU, found in "/fiddlestix/Users/varsha/Documents/ResearchCode/FreenectViewer/build/CMakeFiles/2.8.10.2/CompilerIdC/a.out"

Compiling the CXX compiler identification source file "CMakeCXXCompilerId.cpp" succeeded.
Compiler: /usr/bin/c++ 
Build flags: 
Id flags: 

The output was:
0


Compilation of the CXX compiler identification source "CMakeCXXCompilerId.cpp" produced "a.out"

The CXX compiler identification is GNU, found in "/fiddlestix/Users/varsha/Documents/ResearchCode/FreenectViewer/build/CMakeFiles/2.8.10.2/CompilerIdCXX/a.out"

Determining if the C compiler works passed with the following output:
Change Dir: /fiddlestix/Users/varsha/Documents/ResearchCode/FreenectViewer/build/CMakeFiles/CMakeTmp

Run Build Command:/usr/bin/gmake "cmTryCompileExec3145050906/fast"
/usr/bin/gmake -f CMakeFiles/cmTryCompileExec3145050906.dir/build.make CMakeFiles/cmTryCompileExec3145050906.dir/build
gmake[1]: Entering directory `/fiddlestix/Users/varsha/Documents/ResearchCode/FreenectViewer/build/CMakeFiles/CMakeTmp'
/usr/local/bin/cmake -E cmake_progress_report /fiddlestix/Users/varsha/Documents/ResearchCode/FreenectViewer/build/CMakeFiles/CMakeTmp/CMakeFiles 1
Building C object CMakeFiles/cmTryCompileExec3145050906.dir/testCCompiler.c.o
/usr/bin/cc    -o CMakeFiles/cmTryCompileExec3145050906.dir/testCCompiler.c.o   -c /fiddlestix/Users/varsha/Documents/ResearchCode/FreenectViewer/build/CMakeFiles/CMakeTmp/testCCompiler.c
Linking C executable cmTryCompileExec3145050906
/usr/local/bin/cmake -E cmake_link_script CMakeFiles/cmTryCompileExec3145050906.dir/link.txt --verbose=1
/usr/bin/cc         CMakeFiles/cmTryCompileExec3145050906.dir/testCCompiler.c.o  -o cmTryCompileExec3145050906 -rdynamic 
gmake[1]: Leaving directory `/fiddlestix/Users/varsha/Documents/ResearchCode/FreenectViewer/build/CMakeFiles/CMakeTmp'


Detecting C compiler ABI info compiled with the following output:
Change Dir: /fiddlestix/Users/varsha/Documents/ResearchCode/FreenectViewer/build/CMakeFiles/CMakeTmp

Run Build Command:/usr/bin/gmake "cmTryCompileExec3868954001/fast"
/usr/bin/gmake -f CMakeFiles/cmTryCompileExec3868954001.dir/build.make CMakeFiles/cmTryCompileExec3868954001.dir/build
gmake[1]: Entering directory `/fiddlestix/Users/varsha/Documents/ResearchCode/FreenectViewer/build/CMakeFiles/CMakeTmp'
/usr/local/bin/cmake -E cmake_progress_report /fiddlestix/Users/varsha/Documents/ResearchCode/FreenectViewer/build/CMakeFiles/CMakeTmp/CMakeFiles 1
Building C object CMakeFiles/cmTryCompileExec3868954001.dir/CMakeCCompilerABI.c.o
/usr/bin/cc    -o CMakeFiles/cmTryCompileExec3868954001.dir/CMakeCCompilerABI.c.o   -c /usr/local/share/cmake-2.8/Modules/CMakeCCompilerABI.c
Linking C executable cmTryCompileExec3868954001
/usr/local/bin/cmake -E cmake_link_script CMakeFiles/cmTryCompileExec3868954001.dir/link.txt --verbose=1
/usr/bin/cc       -v CMakeFiles/cmTryCompileExec3868954001.dir/CMakeCCompilerABI.c.o  -o cmTryCompileExec3868954001 -rdynamic  
Reading specs from /usr/lib64/gcc/x86_64-slackware-linux/4.5.2/specs
COLLECT_GCC=/usr/bin/cc
COLLECT_LTO_WRAPPER=/usr/libexec/gcc/x86_64-slackware-linux/4.5.2/lto-wrapper
Target: x86_64-slackware-linux
Configured with: ../gcc-4.5.2/configure --prefix=/usr --libdir=/usr/lib64 --mandir=/usr/man --infodir=/usr/info --enable-shared --enable-bootstrap --enable-languages=ada,c,c++,fortran,java,objc,lto --enable-threads=posix --enable-checking=release --with-system-zlib --with-python-dir=/lib64/python2.6/site-packages --disable-libunwind-exceptions --enable-__cxa_atexit --enable-libssp --enable-lto --with-gnu-ld --verbose --disable-multilib --target=x86_64-slackware-linux --build=x86_64-slackware-linux --host=x86_64-slackware-linux
Thread model: posix
gcc version 4.5.2 (GCC) 
COMPILER_PATH=/usr/libexec/gcc/x86_64-slackware-linux/4.5.2/:/usr/libexec/gcc/x86_64-slackware-linux/4.5.2/:/usr/libexec/gcc/x86_64-slackware-linux/:/usr/lib64/gcc/x86_64-slackware-linux/4.5.2/:/usr/lib64/gcc/x86_64-slackware-linux/:/usr/lib64/gcc/x86_64-slackware-linux/4.5.2/../../../../x86_64-slackware-linux/bin/
LIBRARY_PATH=/usr/lib64/gcc/x86_64-slackware-linux/4.5.2/:/usr/lib64/gcc/x86_64-slackware-linux/4.5.2/../../../../lib64/:/lib/../lib64/:/usr/lib/../lib64/:/usr/lib64/gcc/x86_64-slackware-linux/4.5.2/../../../../x86_64-slackware-linux/lib/:/usr/lib64/gcc/x86_64-slackware-linux/4.5.2/../../../:/lib/:/usr/lib/
COLLECT_GCC_OPTIONS='-v' '-o' 'cmTryCompileExec3868954001' '-rdynamic' '-mtune=generic' '-march=x86-64'
 /usr/libexec/gcc/x86_64-slackware-linux/4.5.2/collect2 --eh-frame-hdr -m elf_x86_64 -export-dynamic -dynamic-linker /lib64/ld-linux-x86-64.so.2 -o cmTryCompileExec3868954001 /usr/lib64/gcc/x86_64-slackware-linux/4.5.2/../../../../lib64/crt1.o /usr/lib64/gcc/x86_64-slackware-linux/4.5.2/../../../../lib64/crti.o /usr/lib64/gcc/x86_64-slackware-linux/4.5.2/crtbegin.o -L/usr/lib64/gcc/x86_64-slackware-linux/4.5.2 -L/usr/lib64/gcc/x86_64-slackware-linux/4.5.2/../../../../lib64 -L/lib/../lib64 -L/usr/lib/../lib64 -L/usr/lib64/gcc/x86_64-slackware-linux/4.5.2/../../../../x86_64-slackware-linux/lib -L/usr/lib64/gcc/x86_64-slackware-linux/4.5.2/../../.. CMakeFiles/cmTryCompileExec3868954001.dir/CMakeCCompilerABI.c.o -lgcc --as-needed -lgcc_s --no-as-needed -lc -lgcc --as-needed -lgcc_s --no-as-needed /usr/lib64/gcc/x86_64-slackware-linux/4.5.2/crtend.o /usr/lib64/gcc/x86_64-slackware-linux/4.5.2/../../../../lib64/crtn.o
gmake[1]: Leaving directory `/fiddlestix/Users/varsha/Documents/ResearchCode/FreenectViewer/build/CMakeFiles/CMakeTmp'


Parsed C implicit link information from above output:
  link line regex: [^( *|.*[/\])(ld|ld|collect2)[^/\]*( |$)]
  ignore line: [Change Dir: /fiddlestix/Users/varsha/Documents/ResearchCode/FreenectViewer/build/CMakeFiles/CMakeTmp]
  ignore line: []
  ignore line: [Run Build Command:/usr/bin/gmake "cmTryCompileExec3868954001/fast"]
  ignore line: [/usr/bin/gmake -f CMakeFiles/cmTryCompileExec3868954001.dir/build.make CMakeFiles/cmTryCompileExec3868954001.dir/build]
  ignore line: [gmake[1]: Entering directory `/fiddlestix/Users/varsha/Documents/ResearchCode/FreenectViewer/build/CMakeFiles/CMakeTmp']
  ignore line: [/usr/local/bin/cmake -E cmake_progress_report /fiddlestix/Users/varsha/Documents/ResearchCode/FreenectViewer/build/CMakeFiles/CMakeTmp/CMakeFiles 1]
  ignore line: [Building C object CMakeFiles/cmTryCompileExec3868954001.dir/CMakeCCompilerABI.c.o]
  ignore line: [/usr/bin/cc    -o CMakeFiles/cmTryCompileExec3868954001.dir/CMakeCCompilerABI.c.o   -c /usr/local/share/cmake-2.8/Modules/CMakeCCompilerABI.c]
  ignore line: [Linking C executable cmTryCompileExec3868954001]
  ignore line: [/usr/local/bin/cmake -E cmake_link_script CMakeFiles/cmTryCompileExec3868954001.dir/link.txt --verbose=1]
  ignore line: [/usr/bin/cc       -v CMakeFiles/cmTryCompileExec3868954001.dir/CMakeCCompilerABI.c.o  -o cmTryCompileExec3868954001 -rdynamic  ]
  ignore line: [Reading specs from /usr/lib64/gcc/x86_64-slackware-linux/4.5.2/specs]
  ignore line: [COLLECT_GCC=/usr/bin/cc]
  ignore line: [COLLECT_LTO_WRAPPER=/usr/libexec/gcc/x86_64-slackware-linux/4.5.2/lto-wrapper]
  ignore line: [Target: x86_64-slackware-linux]
  ignore line: [Configured with: ../gcc-4.5.2/configure --prefix=/usr --libdir=/usr/lib64 --mandir=/usr/man --infodir=/usr/info --enable-shared --enable-bootstrap --enable-languages=ada,c,c++,fortran,java,objc,lto --enable-threads=posix --enable-checking=release --with-system-zlib --with-python-dir=/lib64/python2.6/site-packages --disable-libunwind-exceptions --enable-__cxa_atexit --enable-libssp --enable-lto --with-gnu-ld --verbose --disable-multilib --target=x86_64-slackware-linux --build=x86_64-slackware-linux --host=x86_64-slackware-linux]
  ignore line: [Thread model: posix]
  ignore line: [gcc version 4.5.2 (GCC) ]
  ignore line: [COMPILER_PATH=/usr/libexec/gcc/x86_64-slackware-linux/4.5.2/:/usr/libexec/gcc/x86_64-slackware-linux/4.5.2/:/usr/libexec/gcc/x86_64-slackware-linux/:/usr/lib64/gcc/x86_64-slackware-linux/4.5.2/:/usr/lib64/gcc/x86_64-slackware-linux/:/usr/lib64/gcc/x86_64-slackware-linux/4.5.2/../../../../x86_64-slackware-linux/bin/]
  ignore line: [LIBRARY_PATH=/usr/lib64/gcc/x86_64-slackware-linux/4.5.2/:/usr/lib64/gcc/x86_64-slackware-linux/4.5.2/../../../../lib64/:/lib/../lib64/:/usr/lib/../lib64/:/usr/lib64/gcc/x86_64-slackware-linux/4.5.2/../../../../x86_64-slackware-linux/lib/:/usr/lib64/gcc/x86_64-slackware-linux/4.5.2/../../../:/lib/:/usr/lib/]
  ignore line: [COLLECT_GCC_OPTIONS='-v' '-o' 'cmTryCompileExec3868954001' '-rdynamic' '-mtune=generic' '-march=x86-64']
  link line: [ /usr/libexec/gcc/x86_64-slackware-linux/4.5.2/collect2 --eh-frame-hdr -m elf_x86_64 -export-dynamic -dynamic-linker /lib64/ld-linux-x86-64.so.2 -o cmTryCompileExec3868954001 /usr/lib64/gcc/x86_64-slackware-linux/4.5.2/../../../../lib64/crt1.o /usr/lib64/gcc/x86_64-slackware-linux/4.5.2/../../../../lib64/crti.o /usr/lib64/gcc/x86_64-slackware-linux/4.5.2/crtbegin.o -L/usr/lib64/gcc/x86_64-slackware-linux/4.5.2 -L/usr/lib64/gcc/x86_64-slackware-linux/4.5.2/../../../../lib64 -L/lib/../lib64 -L/usr/lib/../lib64 -L/usr/lib64/gcc/x86_64-slackware-linux/4.5.2/../../../../x86_64-slackware-linux/lib -L/usr/lib64/gcc/x86_64-slackware-linux/4.5.2/../../.. CMakeFiles/cmTryCompileExec3868954001.dir/CMakeCCompilerABI.c.o -lgcc --as-needed -lgcc_s --no-as-needed -lc -lgcc --as-needed -lgcc_s --no-as-needed /usr/lib64/gcc/x86_64-slackware-linux/4.5.2/crtend.o /usr/lib64/gcc/x86_64-slackware-linux/4.5.2/../../../../lib64/crtn.o]
    arg [/usr/libexec/gcc/x86_64-slackware-linux/4.5.2/collect2] ==> ignore
    arg [--eh-frame-hdr] ==> ignore
    arg [-m] ==> ignore
    arg [elf_x86_64] ==> ignore
    arg [-export-dynamic] ==> ignore
    arg [-dynamic-linker] ==> ignore
    arg [/lib64/ld-linux-x86-64.so.2] ==> ignore
    arg [-o] ==> ignore
    arg [cmTryCompileExec3868954001] ==> ignore
    arg [/usr/lib64/gcc/x86_64-slackware-linux/4.5.2/../../../../lib64/crt1.o] ==> ignore
    arg [/usr/lib64/gcc/x86_64-slackware-linux/4.5.2/../../../../lib64/crti.o] ==> ignore
    arg [/usr/lib64/gcc/x86_64-slackware-linux/4.5.2/crtbegin.o] ==> ignore
    arg [-L/usr/lib64/gcc/x86_64-slackware-linux/4.5.2] ==> dir [/usr/lib64/gcc/x86_64-slackware-linux/4.5.2]
    arg [-L/usr/lib64/gcc/x86_64-slackware-linux/4.5.2/../../../../lib64] ==> dir [/usr/lib64/gcc/x86_64-slackware-linux/4.5.2/../../../../lib64]
    arg [-L/lib/../lib64] ==> dir [/lib/../lib64]
    arg [-L/usr/lib/../lib64] ==> dir [/usr/lib/../lib64]
    arg [-L/usr/lib64/gcc/x86_64-slackware-linux/4.5.2/../../../../x86_64-slackware-linux/lib] ==> dir [/usr/lib64/gcc/x86_64-slackware-linux/4.5.2/../../../../x86_64-slackware-linux/lib]
    arg [-L/usr/lib64/gcc/x86_64-slackware-linux/4.5.2/../../..] ==> dir [/usr/lib64/gcc/x86_64-slackware-linux/4.5.2/../../..]
    arg [CMakeFiles/cmTryCompileExec3868954001.dir/CMakeCCompilerABI.c.o] ==> ignore
    arg [-lgcc] ==> lib [gcc]
    arg [--as-needed] ==> ignore
    arg [-lgcc_s] ==> lib [gcc_s]
    arg [--no-as-needed] ==> ignore
    arg [-lc] ==> lib [c]
    arg [-lgcc] ==> lib [gcc]
    arg [--as-needed] ==> ignore
    arg [-lgcc_s] ==> lib [gcc_s]
    arg [--no-as-needed] ==> ignore
    arg [/usr/lib64/gcc/x86_64-slackware-linux/4.5.2/crtend.o] ==> ignore
    arg [/usr/lib64/gcc/x86_64-slackware-linux/4.5.2/../../../../lib64/crtn.o] ==> ignore
  remove lib [gcc]
  remove lib [gcc_s]
  remove lib [gcc]
  remove lib [gcc_s]
  collapse dir [/usr/lib64/gcc/x86_64-slackware-linux/4.5.2] ==> [/usr/lib64/gcc/x86_64-slackware-linux/4.5.2]
  collapse dir [/usr/lib64/gcc/x86_64-slackware-linux/4.5.2/../../../../lib64] ==> [/usr/lib64]
  collapse dir [/lib/../lib64] ==> [/lib64]
  collapse dir [/usr/lib/../lib64] ==> [/usr/lib64]
  collapse dir [/usr/lib64/gcc/x86_64-slackware-linux/4.5.2/../../../../x86_64-slackware-linux/lib] ==> [/usr/x86_64-slackware-linux/lib]
  collapse dir [/usr/lib64/gcc/x86_64-slackware-linux/4.5.2/../../..] ==> [/usr/lib64]
  implicit libs: [c]
  implicit dirs: [/usr/lib64/gcc/x86_64-slackware-linux/4.5.2;/usr/lib64;/lib64;/usr/x86_64-slackware-linux/lib]


Determining if the CXX compiler works passed with the following output:
Change Dir: /fiddlestix/Users/varsha/Documents/ResearchCode/FreenectViewer/build/CMakeFiles/CMakeTmp

Run Build Command:/usr/bin/gmake "cmTryCompileExec2308823416/fast"
/usr/bin/gmake -f CMakeFiles/cmTryCompileExec2308823416.dir/build.make CMakeFiles/cmTryCompileExec2308823416.dir/build
gmake[1]: Entering directory `/fiddlestix/Users/varsha/Documents/ResearchCode/FreenectViewer/build/CMakeFiles/CMakeTmp'
/usr/local/bin/cmake -E cmake_progress_report /fiddlestix/Users/varsha/Documents/ResearchCode/FreenectViewer/build/CMakeFiles/CMakeTmp/CMakeFiles 1
Building CXX object CMakeFiles/cmTryCompileExec2308823416.dir/testCXXCompiler.cxx.o
/usr/bin/c++     -o CMakeFiles/cmTryCompileExec2308823416.dir/testCXXCompiler.cxx.o -c /fiddlestix/Users/varsha/Documents/ResearchCode/FreenectViewer/build/CMakeFiles/CMakeTmp/testCXXCompiler.cxx
Linking CXX executable cmTryCompileExec2308823416
/usr/local/bin/cmake -E cmake_link_script CMakeFiles/cmTryCompileExec2308823416.dir/link.txt --verbose=1
/usr/bin/c++          CMakeFiles/cmTryCompileExec2308823416.dir/testCXXCompiler.cxx.o  -o cmTryCompileExec2308823416 -rdynamic 
gmake[1]: Leaving directory `/fiddlestix/Users/varsha/Documents/ResearchCode/FreenectViewer/build/CMakeFiles/CMakeTmp'


Detecting CXX compiler ABI info compiled with the following output:
Change Dir: /fiddlestix/Users/varsha/Documents/ResearchCode/FreenectViewer/build/CMakeFiles/CMakeTmp

Run Build Command:/usr/bin/gmake "cmTryCompileExec3643477912/fast"
/usr/bin/gmake -f CMakeFiles/cmTryCompileExec3643477912.dir/build.make CMakeFiles/cmTryCompileExec3643477912.dir/build
gmake[1]: Entering directory `/fiddlestix/Users/varsha/Documents/ResearchCode/FreenectViewer/build/CMakeFiles/CMakeTmp'
/usr/local/bin/cmake -E cmake_progress_report /fiddlestix/Users/varsha/Documents/ResearchCode/FreenectViewer/build/CMakeFiles/CMakeTmp/CMakeFiles 1
Building CXX object CMakeFiles/cmTryCompileExec3643477912.dir/CMakeCXXCompilerABI.cpp.o
/usr/bin/c++     -o CMakeFiles/cmTryCompileExec3643477912.dir/CMakeCXXCompilerABI.cpp.o -c /usr/local/share/cmake-2.8/Modules/CMakeCXXCompilerABI.cpp
Linking CXX executable cmTryCompileExec3643477912
/usr/local/bin/cmake -E cmake_link_script CMakeFiles/cmTryCompileExec3643477912.dir/link.txt --verbose=1
/usr/bin/c++        -v CMakeFiles/cmTryCompileExec3643477912.dir/CMakeCXXCompilerABI.cpp.o  -o cmTryCompileExec3643477912 -rdynamic  
Reading specs from /usr/lib64/gcc/x86_64-slackware-linux/4.5.2/specs
COLLECT_GCC=/usr/bin/c++
COLLECT_LTO_WRAPPER=/usr/libexec/gcc/x86_64-slackware-linux/4.5.2/lto-wrapper
Target: x86_64-slackware-linux
Configured with: ../gcc-4.5.2/configure --prefix=/usr --libdir=/usr/lib64 --mandir=/usr/man --infodir=/usr/info --enable-shared --enable-bootstrap --enable-languages=ada,c,c++,fortran,java,objc,lto --enable-threads=posix --enable-checking=release --with-system-zlib --with-python-dir=/lib64/python2.6/site-packages --disable-libunwind-exceptions --enable-__cxa_atexit --enable-libssp --enable-lto --with-gnu-ld --verbose --disable-multilib --target=x86_64-slackware-linux --build=x86_64-slackware-linux --host=x86_64-slackware-linux
Thread model: posix
gcc version 4.5.2 (GCC) 
COMPILER_PATH=/usr/libexec/gcc/x86_64-slackware-linux/4.5.2/:/usr/libexec/gcc/x86_64-slackware-linux/4.5.2/:/usr/libexec/gcc/x86_64-slackware-linux/:/usr/lib64/gcc/x86_64-slackware-linux/4.5.2/:/usr/lib64/gcc/x86_64-slackware-linux/:/usr/lib64/gcc/x86_64-slackware-linux/4.5.2/../../../../x86_64-slackware-linux/bin/
LIBRARY_PATH=/usr/lib64/gcc/x86_64-slackware-linux/4.5.2/:/usr/lib64/gcc/x86_64-slackware-linux/4.5.2/../../../../lib64/:/lib/../lib64/:/usr/lib/../lib64/:/usr/lib64/gcc/x86_64-slackware-linux/4.5.2/../../../../x86_64-slackware-linux/lib/:/usr/lib64/gcc/x86_64-slackware-linux/4.5.2/../../../:/lib/:/usr/lib/
COLLECT_GCC_OPTIONS='-v' '-o' 'cmTryCompileExec3643477912' '-rdynamic' '-shared-libgcc' '-mtune=generic' '-march=x86-64'
 /usr/libexec/gcc/x86_64-slackware-linux/4.5.2/collect2 --eh-frame-hdr -m elf_x86_64 -export-dynamic -dynamic-linker /lib64/ld-linux-x86-64.so.2 -o cmTryCompileExec3643477912 /usr/lib64/gcc/x86_64-slackware-linux/4.5.2/../../../../lib64/crt1.o /usr/lib64/gcc/x86_64-slackware-linux/4.5.2/../../../../lib64/crti.o /usr/lib64/gcc/x86_64-slackware-linux/4.5.2/crtbegin.o -L/usr/lib64/gcc/x86_64-slackware-linux/4.5.2 -L/usr/lib64/gcc/x86_64-slackware-linux/4.5.2/../../../../lib64 -L/lib/../lib64 -L/usr/lib/../lib64 -L/usr/lib64/gcc/x86_64-slackware-linux/4.5.2/../../../../x86_64-slackware-linux/lib -L/usr/lib64/gcc/x86_64-slackware-linux/4.5.2/../../.. CMakeFiles/cmTryCompileExec3643477912.dir/CMakeCXXCompilerABI.cpp.o -lstdc++ -lm -lgcc_s -lgcc -lc -lgcc_s -lgcc /usr/lib64/gcc/x86_64-slackware-linux/4.5.2/crtend.o /usr/lib64/gcc/x86_64-slackware-linux/4.5.2/../../../../lib64/crtn.o
gmake[1]: Leaving directory `/fiddlestix/Users/varsha/Documents/ResearchCode/FreenectViewer/build/CMakeFiles/CMakeTmp'


Parsed CXX implicit link information from above output:
  link line regex: [^( *|.*[/\])(ld|ld|collect2)[^/\]*( |$)]
  ignore line: [Change Dir: /fiddlestix/Users/varsha/Documents/ResearchCode/FreenectViewer/build/CMakeFiles/CMakeTmp]
  ignore line: []
  ignore line: [Run Build Command:/usr/bin/gmake "cmTryCompileExec3643477912/fast"]
  ignore line: [/usr/bin/gmake -f CMakeFiles/cmTryCompileExec3643477912.dir/build.make CMakeFiles/cmTryCompileExec3643477912.dir/build]
  ignore line: [gmake[1]: Entering directory `/fiddlestix/Users/varsha/Documents/ResearchCode/FreenectViewer/build/CMakeFiles/CMakeTmp']
  ignore line: [/usr/local/bin/cmake -E cmake_progress_report /fiddlestix/Users/varsha/Documents/ResearchCode/FreenectViewer/build/CMakeFiles/CMakeTmp/CMakeFiles 1]
  ignore line: [Building CXX object CMakeFiles/cmTryCompileExec3643477912.dir/CMakeCXXCompilerABI.cpp.o]
  ignore line: [/usr/bin/c++     -o CMakeFiles/cmTryCompileExec3643477912.dir/CMakeCXXCompilerABI.cpp.o -c /usr/local/share/cmake-2.8/Modules/CMakeCXXCompilerABI.cpp]
  ignore line: [Linking CXX executable cmTryCompileExec3643477912]
  ignore line: [/usr/local/bin/cmake -E cmake_link_script CMakeFiles/cmTryCompileExec3643477912.dir/link.txt --verbose=1]
  ignore line: [/usr/bin/c++        -v CMakeFiles/cmTryCompileExec3643477912.dir/CMakeCXXCompilerABI.cpp.o  -o cmTryCompileExec3643477912 -rdynamic  ]
  ignore line: [Reading specs from /usr/lib64/gcc/x86_64-slackware-linux/4.5.2/specs]
  ignore line: [COLLECT_GCC=/usr/bin/c++]
  ignore line: [COLLECT_LTO_WRAPPER=/usr/libexec/gcc/x86_64-slackware-linux/4.5.2/lto-wrapper]
  ignore line: [Target: x86_64-slackware-linux]
  ignore line: [Configured with: ../gcc-4.5.2/configure --prefix=/usr --libdir=/usr/lib64 --mandir=/usr/man --infodir=/usr/info --enable-shared --enable-bootstrap --enable-languages=ada,c,c++,fortran,java,objc,lto --enable-threads=posix --enable-checking=release --with-system-zlib --with-python-dir=/lib64/python2.6/site-packages --disable-libunwind-exceptions --enable-__cxa_atexit --enable-libssp --enable-lto --with-gnu-ld --verbose --disable-multilib --target=x86_64-slackware-linux --build=x86_64-slackware-linux --host=x86_64-slackware-linux]
  ignore line: [Thread model: posix]
  ignore line: [gcc version 4.5.2 (GCC) ]
  ignore line: [COMPILER_PATH=/usr/libexec/gcc/x86_64-slackware-linux/4.5.2/:/usr/libexec/gcc/x86_64-slackware-linux/4.5.2/:/usr/libexec/gcc/x86_64-slackware-linux/:/usr/lib64/gcc/x86_64-slackware-linux/4.5.2/:/usr/lib64/gcc/x86_64-slackware-linux/:/usr/lib64/gcc/x86_64-slackware-linux/4.5.2/../../../../x86_64-slackware-linux/bin/]
  ignore line: [LIBRARY_PATH=/usr/lib64/gcc/x86_64-slackware-linux/4.5.2/:/usr/lib64/gcc/x86_64-slackware-linux/4.5.2/../../../../lib64/:/lib/../lib64/:/usr/lib/../lib64/:/usr/lib64/gcc/x86_64-slackware-linux/4.5.2/../../../../x86_64-slackware-linux/lib/:/usr/lib64/gcc/x86_64-slackware-linux/4.5.2/../../../:/lib/:/usr/lib/]
  ignore line: [COLLECT_GCC_OPTIONS='-v' '-o' 'cmTryCompileExec3643477912' '-rdynamic' '-shared-libgcc' '-mtune=generic' '-march=x86-64']
  link line: [ /usr/libexec/gcc/x86_64-slackware-linux/4.5.2/collect2 --eh-frame-hdr -m elf_x86_64 -export-dynamic -dynamic-linker /lib64/ld-linux-x86-64.so.2 -o cmTryCompileExec3643477912 /usr/lib64/gcc/x86_64-slackware-linux/4.5.2/../../../../lib64/crt1.o /usr/lib64/gcc/x86_64-slackware-linux/4.5.2/../../../../lib64/crti.o /usr/lib64/gcc/x86_64-slackware-linux/4.5.2/crtbegin.o -L/usr/lib64/gcc/x86_64-slackware-linux/4.5.2 -L/usr/lib64/gcc/x86_64-slackware-linux/4.5.2/../../../../lib64 -L/lib/../lib64 -L/usr/lib/../lib64 -L/usr/lib64/gcc/x86_64-slackware-linux/4.5.2/../../../../x86_64-slackware-linux/lib -L/usr/lib64/gcc/x86_64-slackware-linux/4.5.2/../../.. CMakeFiles/cmTryCompileExec3643477912.dir/CMakeCXXCompilerABI.cpp.o -lstdc++ -lm -lgcc_s -lgcc -lc -lgcc_s -lgcc /usr/lib64/gcc/x86_64-slackware-linux/4.5.2/crtend.o /usr/lib64/gcc/x86_64-slackware-linux/4.5.2/../../../../lib64/crtn.o]
    arg [/usr/libexec/gcc/x86_64-slackware-linux/4.5.2/collect2] ==> ignore
    arg [--eh-frame-hdr] ==> ignore
    arg [-m] ==> ignore
    arg [elf_x86_64] ==> ignore
    arg [-export-dynamic] ==> ignore
    arg [-dynamic-linker] ==> ignore
    arg [/lib64/ld-linux-x86-64.so.2] ==> ignore
    arg [-o] ==> ignore
    arg [cmTryCompileExec3643477912] ==> ignore
    arg [/usr/lib64/gcc/x86_64-slackware-linux/4.5.2/../../../../lib64/crt1.o] ==> ignore
    arg [/usr/lib64/gcc/x86_64-slackware-linux/4.5.2/../../../../lib64/crti.o] ==> ignore
    arg [/usr/lib64/gcc/x86_64-slackware-linux/4.5.2/crtbegin.o] ==> ignore
    arg [-L/usr/lib64/gcc/x86_64-slackware-linux/4.5.2] ==> dir [/usr/lib64/gcc/x86_64-slackware-linux/4.5.2]
    arg [-L/usr/lib64/gcc/x86_64-slackware-linux/4.5.2/../../../../lib64] ==> dir [/usr/lib64/gcc/x86_64-slackware-linux/4.5.2/../../../../lib64]
    arg [-L/lib/../lib64] ==> dir [/lib/../lib64]
    arg [-L/usr/lib/../lib64] ==> dir [/usr/lib/../lib64]
    arg [-L/usr/lib64/gcc/x86_64-slackware-linux/4.5.2/../../../../x86_64-slackware-linux/lib] ==> dir [/usr/lib64/gcc/x86_64-slackware-linux/4.5.2/../../../../x86_64-slackware-linux/lib]
    arg [-L/usr/lib64/gcc/x86_64-slackware-linux/4.5.2/../../..] ==> dir [/usr/lib64/gcc/x86_64-slackware-linux/4.5.2/../../..]
    arg [CMakeFiles/cmTryCompileExec3643477912.dir/CMakeCXXCompilerABI.cpp.o] ==> ignore
    arg [-lstdc++] ==> lib [stdc++]
    arg [-lm] ==> lib [m]
    arg [-lgcc_s] ==> lib [gcc_s]
    arg [-lgcc] ==> lib [gcc]
    arg [-lc] ==> lib [c]
    arg [-lgcc_s] ==> lib [gcc_s]
    arg [-lgcc] ==> lib [gcc]
    arg [/usr/lib64/gcc/x86_64-slackware-linux/4.5.2/crtend.o] ==> ignore
    arg [/usr/lib64/gcc/x86_64-slackware-linux/4.5.2/../../../../lib64/crtn.o] ==> ignore
  remove lib [gcc_s]
  remove lib [gcc]
  remove lib [gcc_s]
  remove lib [gcc]
  collapse dir [/usr/lib64/gcc/x86_64-slackware-linux/4.5.2] ==> [/usr/lib64/gcc/x86_64-slackware-linux/4.5.2]
  collapse dir [/usr/lib64/gcc/x86_64-slackware-linux/4.5.2/../../../../lib64] ==> [/usr/lib64]
  collapse dir [/lib/../lib64] ==> [/lib64]
  collapse dir [/usr/lib/../lib64] ==> [/usr/lib64]
  collapse dir [/usr/lib64/gcc/x86_64-slackware-linux/4.5.2/../../../../x86_64-slackware-linux/lib] ==> [/usr/x86_64-slackware-linux/lib]
  collapse dir [/usr/lib64/gcc/x86_64-slackware-linux/4.5.2/../../..] ==> [/usr/lib64]
  implicit libs: [stdc++;m;c]
  implicit dirs: [/usr/lib64/gcc/x86_64-slackware-linux/4.5.2;/usr/lib64;/lib64;/usr/x86_64-slackware-linux/lib]


Determining if the function XOpenDisplay exists in the /usr/lib64/libX11.so;/usr/lib64/libXext.so passed with the following output:
Change Dir: /fiddlestix/Users/varsha/Documents/ResearchCode/FreenectViewer/build/CMakeFiles/CMakeTmp

Run Build Command:/usr/bin/gmake "cmTryCompileExec249413658/fast"
/usr/bin/gmake -f CMakeFiles/cmTryCompileExec249413658.dir/build.make CMakeFiles/cmTryCompileExec249413658.dir/build
gmake[1]: Entering directory `/fiddlestix/Users/varsha/Documents/ResearchCode/FreenectViewer/build/CMakeFiles/CMakeTmp'
/usr/local/bin/cmake -E cmake_progress_report /fiddlestix/Users/varsha/Documents/ResearchCode/FreenectViewer/build/CMakeFiles/CMakeTmp/CMakeFiles 1
Building C object CMakeFiles/cmTryCompileExec249413658.dir/CheckFunctionExists.c.o
/usr/bin/cc   -DCHECK_FUNCTION_EXISTS=XOpenDisplay   -o CMakeFiles/cmTryCompileExec249413658.dir/CheckFunctionExists.c.o   -c /usr/local/share/cmake-2.8/Modules/CheckFunctionExists.c
Linking C executable cmTryCompileExec249413658
/usr/local/bin/cmake -E cmake_link_script CMakeFiles/cmTryCompileExec249413658.dir/link.txt --verbose=1
/usr/bin/cc     -DCHECK_FUNCTION_EXISTS=XOpenDisplay    CMakeFiles/cmTryCompileExec249413658.dir/CheckFunctionExists.c.o  -o cmTryCompileExec249413658 -rdynamic -lX11 -lXext 
gmake[1]: Leaving directory `/fiddlestix/Users/varsha/Documents/ResearchCode/FreenectViewer/build/CMakeFiles/CMakeTmp'


Determining if the function gethostbyname exists passed with the following output:
Change Dir: /fiddlestix/Users/varsha/Documents/ResearchCode/FreenectViewer/build/CMakeFiles/CMakeTmp

Run Build Command:/usr/bin/gmake "cmTryCompileExec890706301/fast"
/usr/bin/gmake -f CMakeFiles/cmTryCompileExec890706301.dir/build.make CMakeFiles/cmTryCompileExec890706301.dir/build
gmake[1]: Entering directory `/fiddlestix/Users/varsha/Documents/ResearchCode/FreenectViewer/build/CMakeFiles/CMakeTmp'
/usr/local/bin/cmake -E cmake_progress_report /fiddlestix/Users/varsha/Documents/ResearchCode/FreenectViewer/build/CMakeFiles/CMakeTmp/CMakeFiles 1
Building C object CMakeFiles/cmTryCompileExec890706301.dir/CheckFunctionExists.c.o
/usr/bin/cc   -DCHECK_FUNCTION_EXISTS=gethostbyname   -o CMakeFiles/cmTryCompileExec890706301.dir/CheckFunctionExists.c.o   -c /usr/local/share/cmake-2.8/Modules/CheckFunctionExists.c
Linking C executable cmTryCompileExec890706301
/usr/local/bin/cmake -E cmake_link_script CMakeFiles/cmTryCompileExec890706301.dir/link.txt --verbose=1
/usr/bin/cc     -DCHECK_FUNCTION_EXISTS=gethostbyname    CMakeFiles/cmTryCompileExec890706301.dir/CheckFunctionExists.c.o  -o cmTryCompileExec890706301 -rdynamic 
gmake[1]: Leaving directory `/fiddlestix/Users/varsha/Documents/ResearchCode/FreenectViewer/build/CMakeFiles/CMakeTmp'


Determining if the function connect exists passed with the following output:
Change Dir: /fiddlestix/Users/varsha/Documents/ResearchCode/FreenectViewer/build/CMakeFiles/CMakeTmp

Run Build Command:/usr/bin/gmake "cmTryCompileExec3558993357/fast"
/usr/bin/gmake -f CMakeFiles/cmTryCompileExec3558993357.dir/build.make CMakeFiles/cmTryCompileExec3558993357.dir/build
gmake[1]: Entering directory `/fiddlestix/Users/varsha/Documents/ResearchCode/FreenectViewer/build/CMakeFiles/CMakeTmp'
/usr/local/bin/cmake -E cmake_progress_report /fiddlestix/Users/varsha/Documents/ResearchCode/FreenectViewer/build/CMakeFiles/CMakeTmp/CMakeFiles 1
Building C object CMakeFiles/cmTryCompileExec3558993357.dir/CheckFunctionExists.c.o
/usr/bin/cc   -DCHECK_FUNCTION_EXISTS=connect   -o CMakeFiles/cmTryCompileExec3558993357.dir/CheckFunctionExists.c.o   -c /usr/local/share/cmake-2.8/Modules/CheckFunctionExists.c
Linking C executable cmTryCompileExec3558993357
/usr/local/bin/cmake -E cmake_link_script CMakeFiles/cmTryCompileExec3558993357.dir/link.txt --verbose=1
/usr/bin/cc     -DCHECK_FUNCTION_EXISTS=connect    CMakeFiles/cmTryCompileExec3558993357.dir/CheckFunctionExists.c.o  -o cmTryCompileExec3558993357 -rdynamic 
gmake[1]: Leaving directory `/fiddlestix/Users/varsha/Documents/ResearchCode/FreenectViewer/build/CMakeFiles/CMakeTmp'


Determining if the function remove exists passed with the following output:
Change Dir: /fiddlestix/Users/varsha/Documents/ResearchCode/FreenectViewer/build/CMakeFiles/CMakeTmp

Run Build Command:/usr/bin/gmake "cmTryCompileExec3978316535/fast"
/usr/bin/gmake -f CMakeFiles/cmTryCompileExec3978316535.dir/build.make CMakeFiles/cmTryCompileExec3978316535.dir/build
gmake[1]: Entering directory `/fiddlestix/Users/varsha/Documents/ResearchCode/FreenectViewer/build/CMakeFiles/CMakeTmp'
/usr/local/bin/cmake -E cmake_progress_report /fiddlestix/Users/varsha/Documents/ResearchCode/FreenectViewer/build/CMakeFiles/CMakeTmp/CMakeFiles 1
Building C object CMakeFiles/cmTryCompileExec3978316535.dir/CheckFunctionExists.c.o
/usr/bin/cc   -DCHECK_FUNCTION_EXISTS=remove   -o CMakeFiles/cmTryCompileExec3978316535.dir/CheckFunctionExists.c.o   -c /usr/local/share/cmake-2.8/Modules/CheckFunctionExists.c
Linking C executable cmTryCompileExec3978316535
/usr/local/bin/cmake -E cmake_link_script CMakeFiles/cmTryCompileExec3978316535.dir/link.txt --verbose=1
/usr/bin/cc     -DCHECK_FUNCTION_EXISTS=remove    CMakeFiles/cmTryCompileExec3978316535.dir/CheckFunctionExists.c.o  -o cmTryCompileExec3978316535 -rdynamic 
gmake[1]: Leaving directory `/fiddlestix/Users/varsha/Documents/ResearchCode/FreenectViewer/build/CMakeFiles/CMakeTmp'


Determining if the function shmat exists passed with the following output:
Change Dir: /fiddlestix/Users/varsha/Documents/ResearchCode/FreenectViewer/build/CMakeFiles/CMakeTmp

Run Build Command:/usr/bin/gmake "cmTryCompileExec482412507/fast"
/usr/bin/gmake -f CMakeFiles/cmTryCompileExec482412507.dir/build.make CMakeFiles/cmTryCompileExec482412507.dir/build
gmake[1]: Entering directory `/fiddlestix/Users/varsha/Documents/ResearchCode/FreenectViewer/build/CMakeFiles/CMakeTmp'
/usr/local/bin/cmake -E cmake_progress_report /fiddlestix/Users/varsha/Documents/ResearchCode/FreenectViewer/build/CMakeFiles/CMakeTmp/CMakeFiles 1
Building C object CMakeFiles/cmTryCompileExec482412507.dir/CheckFunctionExists.c.o
/usr/bin/cc   -DCHECK_FUNCTION_EXISTS=shmat   -o CMakeFiles/cmTryCompileExec482412507.dir/CheckFunctionExists.c.o   -c /usr/local/share/cmake-2.8/Modules/CheckFunctionExists.c
Linking C executable cmTryCompileExec482412507
/usr/local/bin/cmake -E cmake_link_script CMakeFiles/cmTryCompileExec482412507.dir/link.txt --verbose=1
/usr/bin/cc     -DCHECK_FUNCTION_EXISTS=shmat    CMakeFiles/cmTryCompileExec482412507.dir/CheckFunctionExists.c.o  -o cmTryCompileExec482412507 -rdynamic 
gmake[1]: Leaving directory `/fiddlestix/Users/varsha/Documents/ResearchCode/FreenectViewer/build/CMakeFiles/CMakeTmp'


Determining if the function IceConnectionNumber exists in the ICE passed with the following output:
Change Dir: /fiddlestix/Users/varsha/Documents/ResearchCode/FreenectViewer/build/CMakeFiles/CMakeTmp

Run Build Command:/usr/bin/gmake "cmTryCompileExec3599286487/fast"
/usr/bin/gmake -f CMakeFiles/cmTryCompileExec3599286487.dir/build.make CMakeFiles/cmTryCompileExec3599286487.dir/build
gmake[1]: Entering directory `/fiddlestix/Users/varsha/Documents/ResearchCode/FreenectViewer/build/CMakeFiles/CMakeTmp'
/usr/local/bin/cmake -E cmake_progress_report /fiddlestix/Users/varsha/Documents/ResearchCode/FreenectViewer/build/CMakeFiles/CMakeTmp/CMakeFiles 1
Building C object CMakeFiles/cmTryCompileExec3599286487.dir/CheckFunctionExists.c.o
/usr/bin/cc   -DCHECK_FUNCTION_EXISTS=IceConnectionNumber   -o CMakeFiles/cmTryCompileExec3599286487.dir/CheckFunctionExists.c.o   -c /usr/local/share/cmake-2.8/Modules/CheckFunctionExists.c
Linking C executable cmTryCompileExec3599286487
/usr/local/bin/cmake -E cmake_link_script CMakeFiles/cmTryCompileExec3599286487.dir/link.txt --verbose=1
/usr/bin/cc     -DCHECK_FUNCTION_EXISTS=IceConnectionNumber    CMakeFiles/cmTryCompileExec3599286487.dir/CheckFunctionExists.c.o  -o cmTryCompileExec3599286487 -rdynamic -lICE 
gmake[1]: Leaving directory `/fiddlestix/Users/varsha/Documents/ResearchCode/FreenectViewer/build/CMakeFiles/CMakeTmp'


